2025-12-21  11:05:15 info : Server running on port 3000
2025-12-21  11:05:15 warn : Server running on port 3000
2025-12-21  11:05:15 error : Server running on port 3000
2025-12-21  11:05:39 info : Server running on port 3000
2025-12-21  11:59:44 info : Server running on port 3000
2025-12-21  12:01:19 info : Server running on port 3000
2025-12-21  12:01:30 info : Server running on port 3000
2025-12-21  12:02:21 info : Server running on port 3000
2025-12-21  12:02:26 info : Server running on port 3000
2025-12-21  12:02:30 info : Server running on port 3000
2025-12-21  12:02:34 info : Server running on port 3000
2025-12-21  12:02:47 info : Server running on port 3000
2025-12-21  12:05:04 info : Server running on port 3000
2025-12-21  12:05:10 info : Server running on port 3000
2025-12-21  12:05:29 info : Server running on port 3000
2025-12-21  12:05:38 info : Server running on port 3000
2025-12-21  12:05:52 info : Server running on port 3000
2025-12-21  12:05:58 info : Server running on port 3000
2025-12-21  12:06:05 info : Server running on port 3000
2025-12-21  12:06:09 info : Server running on port 3000
2025-12-21  12:06:17 info : Server running on port 3000
2025-12-21  12:06:25 info : Server running on port 3000
2025-12-21  12:06:30 info : Server running on port 3000
2025-12-21  12:09:36 info : Server running on port 3000
2025-12-21  12:10:31 info : Server running on port 3000
2025-12-21  12:10:38 info : Server running on port 3000
2025-12-21  12:10:47 info : Server running on port 3000
2025-12-21  12:10:53 info : Server running on port 3000
2025-12-21  12:10:58 info : Server running on port 3000
2025-12-21  12:11:02 info : Server running on port 3000
2025-12-21  12:11:07 info : Server running on port 3000
2025-12-21  12:11:13 info : Server running on port 3000
2025-12-21  12:11:19 info : Server running on port 3000
2025-12-21  12:11:25 info : Server running on port 3000
2025-12-21  12:11:33 info : Server running on port 3000
2025-12-21  12:11:48 info : Server running on port 3000
2025-12-21  12:12:02 info : Server running on port 3000
2025-12-21  12:12:06 info : Server running on port 3000
2025-12-21  12:12:12 info : Server running on port 3000
2025-12-21  12:12:20 info : Server running on port 3000
2025-12-21  12:12:24 info : Server running on port 3000
2025-12-21  12:12:28 info : Server running on port 3000
2025-12-21  12:12:38 info : Server running on port 3000
2025-12-21  12:12:56 info : Server running on port 3000
2025-12-21  12:13:00 info : Server running on port 3000
2025-12-21  12:13:13 info : Server running on port 3000
2025-12-21  12:13:21 info : Server running on port 3000
2025-12-21  12:30:31 info : Server running on port 3000
2025-12-21  12:34:32 info : Server running on port 3000
2025-12-21  12:35:29 info : Server running on port 3000
2025-12-21  12:36:10 info : Server running on port 3000
2025-12-21  12:36:21 info : Server running on port 3000
2025-12-21  12:36:42 info : Server running on port 3000
2025-12-21  12:37:32 info : Server running on port 3000
2025-12-21  12:38:06 info : Server running on port 3000
2025-12-21  12:38:53 info : Server running on port 3000
2025-12-21  12:38:57 info : Server running on port 3000
2025-12-21  12:39:33 info : Server running on port 3000
2025-12-21  12:39:42 info : Server running on port 3000
2025-12-21  12:39:52 info : Server running on port 3000
2025-12-21  12:40:58 info : Server running on port 3000
2025-12-21  12:41:23 info : Server running on port 3000
2025-12-21  12:41:38 info : Server running on port 3000
2025-12-21  12:42:36 info : Server running on port 3000
2025-12-21  12:42:41 info : Server running on port 3000
2025-12-21  12:43:54 info : Server running on port 3000
2025-12-21  12:44:10 info : Server running on port 3000
2025-12-21  12:44:37 info : Server running on port 3000
2025-12-21  12:45:41 info : Server running on port 3000
2025-12-21  12:49:43 info : Server running on port 3000
2025-12-21  12:49:55 info : Server running on port 3000
2025-12-21  12:50:24 info : Server running on port 3000
2025-12-21  12:50:34 info : Server running on port 3000
2025-12-21  12:52:36 info : Server running on port 3000
2025-12-21  12:52:45 info : Server running on port 3000
2025-12-21  12:54:29 info : Server running on port 3000
2025-12-21  12:56:51 info : Server running on port 3000
2025-12-21  12:57:14 info : Server running on port 3000
2025-12-21  12:59:12 info : Server running on port 3000
2025-12-21  12:59:39 info : Server running on port 3000
2025-12-21  13:01:51 info : Server running on port 3000
2025-12-21  13:01:56 info : Server running on port 3000
2025-12-21  13:02:01 info : Server running on port 3000
2025-12-21  13:02:24 info : Server running on port 3000
2025-12-21  13:03:44 info : Server running on port 3000
2025-12-21  13:05:44 info : Server running on port 3000
2025-12-21  13:06:07 info : Server running on port 3000
2025-12-21  13:06:27 info : Server running on port 3000
2025-12-21  13:07:59 info : Server running on port 3000
2025-12-21  13:15:24 info : Server running on port 3000
2025-12-21  13:54:10 info : Server running on port 3000
2025-12-21  13:54:43 info : Server running on port 3000
2025-12-21  13:54:59 info : Server running on port 3000
2025-12-21  13:55:25 info : Server running on port 3000
2025-12-21  13:55:30 info : Server running on port 3000
2025-12-21  13:55:34 info : Server running on port 3000
2025-12-21  13:55:45 info : Server running on port 3000
2025-12-21  13:56:00 info : Server running on port 3000
2025-12-21  13:56:12 info : Server running on port 3000
2025-12-21  13:56:16 info : Server running on port 3000
2025-12-21  13:56:27 info : Server running on port 3000
2025-12-21  13:57:00 info : Server running on port 3000
2025-12-21  13:57:12 info : Server running on port 3000
2025-12-21  13:57:19 info : Server running on port 3000
2025-12-21  13:57:32 info : Server running on port 3000
2025-12-21  13:58:39 info : Server running on port 3000
2025-12-21  13:58:46 info : Server running on port 3000
2025-12-21  13:59:08 info : Server running on port 3000
2025-12-21  13:59:54 info : Server running on port 3000
2025-12-21  14:00:44 info : Server running on port 3000
2025-12-21  14:01:00 info : Server running on port 3000
2025-12-21  14:01:09 info : Server running on port 3000
2025-12-21  14:01:20 info : Server running on port 3000
2025-12-21  14:01:25 info : Server running on port 3000
2025-12-21  14:01:31 info : Server running on port 3000
2025-12-21  14:01:59 info : Server running on port 3000
2025-12-21  14:02:28 info : Server running on port 3000
2025-12-21  14:02:37 info : Server running on port 3000
2025-12-21  14:03:07 info : Server running on port 3000
2025-12-21  14:03:30 info : Server running on port 3000
2025-12-21  14:03:56 info : Server running on port 3000
2025-12-21  14:04:02 info : Server running on port 3000
2025-12-21  14:04:13 info : Server running on port 3000
2025-12-21  14:05:18 info : Server running on port 3000
2025-12-21  14:05:58 info : Server running on port 3000
2025-12-21  14:06:09 info : Server running on port 3000
2025-12-21  14:06:16 info : Server running on port 3000
2025-12-21  14:06:43 info : Server running on port 3000
2025-12-21  14:06:47 info : Server running on port 3000
2025-12-21  14:06:52 info : Server running on port 3000
2025-12-21  14:07:01 info : Server running on port 3000
2025-12-21  14:09:10 info : Server running on port 3000
2025-12-21  14:09:15 info : Server running on port 3000
2025-12-21  14:09:36 info : Server running on port 3000
2025-12-21  14:10:27 info : Server running on port 3000
2025-12-21  14:10:33 info : Server running on port 3000
2025-12-21  14:11:14 info : Server running on port 3000
2025-12-21  14:11:29 info : Server running on port 3000
2025-12-21  14:11:53 info : Server running on port 3000
2025-12-21  14:12:02 info : Server running on port 3000
2025-12-22  10:18:16 info : Server running on port 3000
2025-12-22  10:18:28 info : Server running on port 3000
2025-12-22  10:18:43 info : Server running on port 3000
2025-12-22  10:19:47 info : Server running on port 3000
2025-12-22  10:29:38 info : Server running on port 3000
2025-12-22  10:30:33 info : Server running on port 3000
2025-12-22  10:30:38 info : Server running on port 3000
2025-12-22  10:32:15 info : Server running on port 3000
2025-12-22  10:35:25 info : Server running on port 3000
2025-12-22  10:35:54 info : Server running on port 3000
2025-12-22  10:36:28 info : Server running on port 3000
2025-12-22  10:36:33 info : Server running on port 3000
2025-12-22  10:36:45 info : Server running on port 3000
2025-12-22  10:41:49 info : Server running on port 3000
2025-12-22  10:41:56 info : Server running on port 3000
2025-12-22  10:54:40 info : Server running on port 3000
2025-12-22  10:55:10 error : products validation failed: price: Cast to Number failed for value "zsfsadf" (type string) at path "price"
2025-12-22  10:56:19 info : Server running on port 3000
2025-12-22  10:56:36 info : Server running on port 3000
2025-12-22  10:57:55 info : Server running on port 3000
2025-12-22  10:58:15 info : [object Object]
2025-12-22  10:58:53 info : Server running on port 3000
2025-12-22  11:06:55 info : Server running on port 3000
2025-12-22  11:09:56 info : Server running on port 3000
2025-12-22  11:17:54 info : Server running on port 3000
2025-12-22  11:38:51 info : Server running on port 3000
2025-12-22  11:39:36 info : Server running on port 3000
2025-12-22  11:41:01 info : Server running on port 3000
2025-12-22  11:41:09 info : Server running on port 3000
2025-12-22  11:45:08 info : Server running on port 3000
2025-12-22  11:45:35 error : Cast to ObjectId failed for value "{ id: '6948f5f2da10ff61c6e0ceb1', user: '69478b21dd38d6059ab4473e' }" (type Object) at path "_id" for model "products"
2025-12-22  11:46:31 error : Cast to ObjectId failed for value "{ id: '6948f5f2da10ff61c6e0ceb1', user: '69478b21dd38d6059ab4473e' }" (type Object) at path "_id" for model "products"
2025-12-22  11:47:04 info : Server running on port 3000
2025-12-22  11:47:05 error : Cast to ObjectId failed for value "{ id: '6948f5f2da10ff61c6e0ceb1', user: '69478b21dd38d6059ab4473e' }" (type Object) at path "_id" for model "products"
2025-12-22  11:49:55 error : Cast to ObjectId failed for value "{ id: '6948f5f2da10ff61c6e0ceb1', user: '69478b21dd38d6059ab4473e' }" (type Object) at path "_id" for model "products"
2025-12-22  11:50:06 error : Cast to ObjectId failed for value "{ id: '6948f5f2da10ff61c6e0ceb1', user: '69478b21dd38d6059ab4473e' }" (type Object) at path "_id" for model "products"
2025-12-22  11:50:11 error : Cast to ObjectId failed for value "{ id: '6948f5f2da10ff61c6e0ceb1', user: '69478b21dd38d6059ab4473e' }" (type Object) at path "_id" for model "products"
2025-12-22  11:51:56 info : Server running on port 3000
2025-12-22  11:55:01 info : Server running on port 3000
2025-12-22  11:55:56 info : Server running on port 3000
2025-12-22  11:57:41 error : Cast to ObjectId failed for value "{ id: '6948f0cb562d96c733d952f2', user: '69478b21dd38d6059ab4473e' }" (type Object) at path "_id" for model "products"
2025-12-22  12:00:11 error : Cast to ObjectId failed for value "{ id: '69490158edeae6bcd43fba77', user: '69478b21dd38d6059ab4473e' }" (type Object) at path "_id" for model "products"
2025-12-22  12:19:04 info : Server running on port 3000
2025-12-22  12:19:14 info : Server running on port 3000
2025-12-22  12:21:37 info : Server running on port 3000
2025-12-22  12:21:47 info : Server running on port 3000
2025-12-22  12:28:24 info : Server running on port 3000
2025-12-22  12:58:26 info : Server running on port 3000
2025-12-22  13:10:23 info : Server running on port 3000
2025-12-22  13:11:10 info : Server running on port 3000
2025-12-22  13:12:22 info : Server running on port 3000
2025-12-22  13:12:44 info : Server running on port 3000
2025-12-22  13:12:53 info : Server running on port 3000
2025-12-22  13:12:58 info : Server running on port 3000
2025-12-22  13:13:06 info : Server running on port 3000
2025-12-22  13:14:16 info : Server running on port 3000
2025-12-22  13:16:44 info : Server running on port 3000
2025-12-22  13:16:52 info : Server running on port 3000
2025-12-22  13:18:23 info : Server running on port 3000
2025-12-22  13:18:49 info : Server running on port 3000
2025-12-22  13:19:03 info : Server running on port 3000
2025-12-22  13:19:35 info : Server running on port 3000
2025-12-22  13:19:50 info : Server running on port 3000
2025-12-22  13:19:59 info : Server running on port 3000
2025-12-22  13:20:03 info : Server running on port 3000
2025-12-22  13:20:09 info : Server running on port 3000
2025-12-22  13:20:15 info : Server running on port 3000
2025-12-22  13:29:25 info : Server running on port 3000
2025-12-22  13:30:11 info : Server running on port 3000
2025-12-22  13:31:04 info : Server running on port 3000
2025-12-22  13:31:09 info : Server running on port 3000
2025-12-22  13:31:16 info : Server running on port 3000
2025-12-22  13:52:22 info : Server running on port 3000
2025-12-22  13:53:22 info : Server running on port 3000
2025-12-22  13:53:29 info : Server running on port 3000
2025-12-22  13:55:36 info : Server running on port 3000
2025-12-22  13:55:55 info : Server running on port 3000
2025-12-22  13:56:03 info : Server running on port 3000
2025-12-22  13:56:14 info : Server running on port 3000
2025-12-22  13:58:25 info : Server running on port 3000
